[2023-10-26 12:43:52,009] multiqc                                            [DEBUG  ]  No MultiQC config found: /home/long.kae/.conda/envs/binf6430/lib/python2.7/site-packages/multiqc-1.0.dev0-py2.7.egg/multiqc_config.yaml
[2023-10-26 12:43:52,010] multiqc                                            [DEBUG  ]  No MultiQC config found: /home/long.kae/.multiqc_config.yaml
[2023-10-26 12:43:52,010] multiqc                                            [DEBUG  ]  No MultiQC config found: multiqc_config.yaml
[2023-10-26 12:43:52,010] multiqc                                            [DEBUG  ]  Command used: /home/long.kae/.conda/envs/binf6430/bin/multiqc -o /courses/BINF6430.202410/students/long.kae/final_project/results/bam_multiqc /courses/BINF6430.202410/students/long.kae/final_project/data/fastqc/sorted_bam
[2023-10-26 12:43:52,010] multiqc                                            [DEBUG  ]  Could not connect to multiqc.info for version check
[2023-10-26 12:43:52,011] multiqc                                            [INFO   ]  This is MultiQC v1.0.dev0
[2023-10-26 12:43:52,011] multiqc                                            [DEBUG  ]  Command     : /home/long.kae/.conda/envs/binf6430/bin/multiqc -o /courses/BINF6430.202410/students/long.kae/final_project/results/bam_multiqc /courses/BINF6430.202410/students/long.kae/final_project/data/fastqc/sorted_bam
[2023-10-26 12:43:52,011] multiqc                                            [DEBUG  ]  Working dir : /courses/BINF6430.202410/students/long.kae/final_project/scripts
[2023-10-26 12:43:52,011] multiqc                                            [INFO   ]  Template    : default
[2023-10-26 12:43:52,012] multiqc                                            [INFO   ]  Searching '/courses/BINF6430.202410/students/long.kae/final_project/data/fastqc/sorted_bam'
[2023-10-26 12:43:52,012] multiqc                                            [DEBUG  ]  Analysing modules: custom_content, peddy, methylQA, qualimap, preseq, quast, rseqc, busco, goleft_indexcov, snpeff, gatk, htseq, bcftools, featureCounts, picard, prokka, samblaster, samtools, bamtools, bismark, hicup, salmon, kallisto, slamdunk, star, tophat, bowtie2, bowtie1, cutadapt, trimmomatic, skewer, fastq_screen, fastqc, clusterflow
[2023-10-26 12:43:52,013] multiqc                                            [DEBUG  ]  Using temporary directory for creating report: /tmp/tmpC0YDEP
[2023-10-26 12:43:55,018] multiqc.modules.custom_content.custom_content      [DEBUG  ]  No custom content found
[2023-10-26 12:43:55,048] multiqc.modules.peddy.peddy                        [DEBUG  ]  Could not find any reports in ('/courses/BINF6430.202410/students/long.kae/final_project/data/fastqc/sorted_bam',)
[2023-10-26 12:43:55,075] multiqc.modules.methylQA.methylQA                  [DEBUG  ]  Could not find any reports in ('/courses/BINF6430.202410/students/long.kae/final_project/data/fastqc/sorted_bam',)
[2023-10-26 12:43:55,111] multiqc.modules.qualimap.QM_BamQC                  [DEBUG  ]  Using default Qualimap thresholds: 1, 5, 10, 30, 50
[2023-10-26 12:43:55,124] multiqc.modules.qualimap.qualimap                  [DEBUG  ]  Could not find any reports in ('/courses/BINF6430.202410/students/long.kae/final_project/data/fastqc/sorted_bam',)
[2023-10-26 12:43:55,286] multiqc.modules.preseq.preseq                      [DEBUG  ]  Could not find any preseq data in ('/courses/BINF6430.202410/students/long.kae/final_project/data/fastqc/sorted_bam',)
[2023-10-26 12:43:55,314] multiqc.modules.quast.quast                        [DEBUG  ]  Could not find any reports in ('/courses/BINF6430.202410/students/long.kae/final_project/data/fastqc/sorted_bam',)
[2023-10-26 12:43:55,606] multiqc.modules.rseqc.rseqc                        [DEBUG  ]  Could not find any reports in ('/courses/BINF6430.202410/students/long.kae/final_project/data/fastqc/sorted_bam',)
[2023-10-26 12:43:55,628] multiqc.modules.busco.busco                        [DEBUG  ]  Could not find any reports in ('/courses/BINF6430.202410/students/long.kae/final_project/data/fastqc/sorted_bam',)
[2023-10-26 12:43:55,648] multiqc.modules.goleft_indexcov.goleft_indexcov    [DEBUG  ]  Did not find goleft indexcov outputs in ('/courses/BINF6430.202410/students/long.kae/final_project/data/fastqc/sorted_bam',)
[2023-10-26 12:43:55,725] multiqc.modules.snpeff.snpeff                      [DEBUG  ]  Could not find any data in ('/courses/BINF6430.202410/students/long.kae/final_project/data/fastqc/sorted_bam',)
[2023-10-26 12:43:55,814] multiqc.modules.gatk.gatk                          [DEBUG  ]  Could not find any reports in ('/courses/BINF6430.202410/students/long.kae/final_project/data/fastqc/sorted_bam',)
[2023-10-26 12:43:55,888] multiqc.modules.htseq.htseq                        [DEBUG  ]  Could not find any reports in ('/courses/BINF6430.202410/students/long.kae/final_project/data/fastqc/sorted_bam',)
[2023-10-26 12:43:55,968] multiqc.modules.bcftools.bcftools                  [DEBUG  ]  Could not find any reports in ('/courses/BINF6430.202410/students/long.kae/final_project/data/fastqc/sorted_bam',)
[2023-10-26 12:43:55,994] multiqc.modules.featureCounts.feature_counts       [DEBUG  ]  Could not find any reports in ('/courses/BINF6430.202410/students/long.kae/final_project/data/fastqc/sorted_bam',)
[2023-10-26 12:43:56,586] multiqc.modules.picard.picard                      [DEBUG  ]  Could not find any reports in ('/courses/BINF6430.202410/students/long.kae/final_project/data/fastqc/sorted_bam',)
[2023-10-26 12:43:56,616] multiqc.modules.prokka.prokka                      [DEBUG  ]  Could not find any Prokka data in ('/courses/BINF6430.202410/students/long.kae/final_project/data/fastqc/sorted_bam',)
[2023-10-26 12:43:56,737] multiqc.modules.samblaster.samblaster              [DEBUG  ]  Could not find any data in ('/courses/BINF6430.202410/students/long.kae/final_project/data/fastqc/sorted_bam',)
[2023-10-26 12:43:56,967] multiqc.modules.samtools.samtools                  [DEBUG  ]  Could not find any reports in ('/courses/BINF6430.202410/students/long.kae/final_project/data/fastqc/sorted_bam',)
[2023-10-26 12:43:57,066] multiqc.modules.bamtools.bamtools                  [DEBUG  ]  Could not find any reports in ('/courses/BINF6430.202410/students/long.kae/final_project/data/fastqc/sorted_bam',)
[2023-10-26 12:43:57,099] multiqc.modules.bismark.bismark                    [DEBUG  ]  Could not find any reports in ('/courses/BINF6430.202410/students/long.kae/final_project/data/fastqc/sorted_bam',)
[2023-10-26 12:43:57,123] multiqc.modules.hicup.hicup                        [DEBUG  ]  Could not find any HiCUP data in ('/courses/BINF6430.202410/students/long.kae/final_project/data/fastqc/sorted_bam',)
[2023-10-26 12:43:57,164] multiqc.modules.salmon.salmon                      [DEBUG  ]  Could not find any Salmon data in ('/courses/BINF6430.202410/students/long.kae/final_project/data/fastqc/sorted_bam',)
[2023-10-26 12:43:57,250] multiqc.modules.kallisto.kallisto                  [DEBUG  ]  Could not find any reports in ('/courses/BINF6430.202410/students/long.kae/final_project/data/fastqc/sorted_bam',)
[2023-10-26 12:43:57,592] multiqc.modules.slamdunk.slamdunk                  [DEBUG  ]  No slamdunk reports found.
[2023-10-26 12:43:57,623] multiqc.modules.star.star                          [DEBUG  ]  Could not find any reports in ('/courses/BINF6430.202410/students/long.kae/final_project/data/fastqc/sorted_bam',)
[2023-10-26 12:43:57,654] multiqc.modules.tophat.tophat                      [DEBUG  ]  Could not find any reports in ('/courses/BINF6430.202410/students/long.kae/final_project/data/fastqc/sorted_bam',)
[2023-10-26 12:43:57,754] multiqc.modules.bowtie2.bowtie2                    [DEBUG  ]  Could not find any reports in ('/courses/BINF6430.202410/students/long.kae/final_project/data/fastqc/sorted_bam',)
[2023-10-26 12:43:57,842] multiqc.modules.bowtie1.bowtie1                    [DEBUG  ]  Could not find any reports in ('/courses/BINF6430.202410/students/long.kae/final_project/data/fastqc/sorted_bam',)
[2023-10-26 12:43:57,931] multiqc.modules.cutadapt.cutadapt                  [DEBUG  ]  Could not find any reports in ('/courses/BINF6430.202410/students/long.kae/final_project/data/fastqc/sorted_bam',)
[2023-10-26 12:43:58,021] multiqc.modules.trimmomatic.trimmomatic            [DEBUG  ]  Could not find any Trimmomatic data in ('/courses/BINF6430.202410/students/long.kae/final_project/data/fastqc/sorted_bam',)
[2023-10-26 12:43:58,128] multiqc.modules.skewer.skewer                      [DEBUG  ]  Could not find any data in ('/courses/BINF6430.202410/students/long.kae/final_project/data/fastqc/sorted_bam',)
[2023-10-26 12:43:58,163] multiqc.modules.fastq_screen.fastq_screen          [DEBUG  ]  Could not find any reports in ('/courses/BINF6430.202410/students/long.kae/final_project/data/fastqc/sorted_bam',)
[2023-10-26 12:43:58,319] multiqc.modules.fastqc.fastqc                      [INFO   ]  Found 10 reports
[2023-10-26 12:43:59,439] multiqc.modules.clusterflow.clusterflow            [DEBUG  ]  Could not find any reports in ('/courses/BINF6430.202410/students/long.kae/final_project/data/fastqc/sorted_bam',)
[2023-10-26 12:43:59,441] multiqc                                            [INFO   ]  Report      : ../results/bam_multiqc/multiqc_report.html
[2023-10-26 12:43:59,445] multiqc                                            [INFO   ]  Data        : ../results/bam_multiqc/multiqc_data
[2023-10-26 12:43:59,445] multiqc                                            [DEBUG  ]  Moving data file from '/tmp/tmpC0YDEP/multiqc_data/multiqc_fastqc.txt' to '/courses/BINF6430.202410/students/long.kae/final_project/results/bam_multiqc/multiqc_data'
[2023-10-26 12:43:59,452] multiqc                                            [DEBUG  ]  Moving data file from '/tmp/tmpC0YDEP/multiqc_data/multiqc_general_stats.txt' to '/courses/BINF6430.202410/students/long.kae/final_project/results/bam_multiqc/multiqc_data'
[2023-10-26 12:43:59,462] multiqc                                            [DEBUG  ]  Moving data file from '/tmp/tmpC0YDEP/multiqc_data/multiqc_sources.txt' to '/courses/BINF6430.202410/students/long.kae/final_project/results/bam_multiqc/multiqc_data'
[2023-10-26 12:43:59,743] multiqc                                            [INFO   ]  MultiQC complete
